<testsuites>
	<testsuite errors="0" failures="3" skipped="1" tests="7" time="0.030" name="pkg/testing">
		<testcase classname="bazel/pkg/testing" name="TestFail" time="0.000">
			<failure message="Failed"></failure>
			<system-out>=== RUN   TestFail&#xA;--- FAIL: TestFail (0.00s)&#xA;    test_test.go:23: Not working&#xA;</system-out>
			<system-err></system-err>
		</testcase>
		<testcase classname="bazel/pkg/testing" name="TestPass" time="0.000">
			<system-out>=== RUN   TestPass&#xA;=== PAUSE TestPass&#xA;=== CONT  TestPass&#xA;--- PASS: TestPass (0.00s)&#xA;</system-out>
			<system-err></system-err>
		</testcase>
		<testcase classname="bazel/pkg/testing" name="TestPassLog" time="0.000">
			<system-out>=== RUN   TestPassLog&#xA;=== PAUSE TestPassLog&#xA;=== CONT  TestPassLog&#xA;--- PASS: TestPassLog (0.00s)&#xA;    test_test.go:19: pass&#xA;</system-out>
			<system-err></system-err>
		</testcase>
		<testcase classname="bazel/pkg/testing" name="TestSubtests" time="0.020">
			<failure message="Failed"></failure>
			<system-out>=== RUN   TestSubtests&#xA;--- FAIL: TestSubtests (0.02s)&#xA;</system-out>
			<system-err></system-err>
		</testcase>
		<testcase classname="bazel/pkg/testing" name="TestSubtests/another_subtest" time="0.010">
			<failure message="Failed"></failure>
			<system-out>=== RUN   TestSubtests/another_subtest&#xA;    --- FAIL: TestSubtests/another_subtest (0.01s)&#xA;        test_test.go:29: from subtest another subtest&#xA;        test_test.go:31: from subtest another subtest&#xA;</system-out>
			<system-err></system-err>
		</testcase>
		<testcase classname="bazel/pkg/testing" name="TestSubtests/subtest_a" time="0.000">
			<skipped message="Skipped"></skipped>
			<system-out>=== RUN   TestSubtests/subtest_a&#xA;    --- SKIP: TestSubtests/subtest_a (0.00s)&#xA;        test_test.go:29: from subtest subtest a&#xA;        test_test.go:31: from subtest subtest a&#xA;        test_test.go:33: skipping this test&#xA;</system-out>
			<system-err></system-err>
		</testcase>
		<testcase classname="bazel/pkg/testing" name="TestSubtests/testB" time="0.010">
			<system-out>=== RUN   TestSubtests/testB&#xA;    --- PASS: TestSubtests/testB (0.01s)&#xA;        test_test.go:29: from subtest testB&#xA;        test_test.go:31: from subtest testB&#xA;</system-out>
			<system-err></system-err>
		</testcase>
		<system-out>FAIL&#xA;</system-out>
		<system-err></system-err>
	</testsuite>
</testsuites>